<?xml version="1.0" encoding="UTF-8"?>
<testsuite xmlns:xsi="http://www.w3.org/2001/XMLSchema-instance" xsi:noNamespaceSchemaLocation="https://maven.apache.org/surefire/maven-surefire-plugin/xsd/surefire-test-report.xsd" name="examples.ExamplesTest" time="8.373" tests="1" errors="0" skipped="0" failures="0">
  <properties>
    <property name="sun.desktop" value="windows"/>
    <property name="awt.toolkit" value="sun.awt.windows.WToolkit"/>
    <property name="java.specification.version" value="11"/>
    <property name="sun.cpu.isalist" value="amd64"/>
    <property name="sun.jnu.encoding" value="Cp1252"/>
    <property name="java.class.path" value="C:\Projects\ProjectPOCs\Stage5-mvn-karate-poc\karate-api\target\test-classes;C:\Projects\ProjectPOCs\Stage5-mvn-karate-poc\karate-api\target\classes;C:\Users\madhu\.m2\repository\com\intuit\karate\karate-junit5\1.0.1\karate-junit5-1.0.1.jar;C:\Users\madhu\.m2\repository\com\intuit\karate\karate-core\1.0.1\karate-core-1.0.1.jar;C:\Users\madhu\.m2\repository\org\graalvm\js\js-scriptengine\21.0.0\js-scriptengine-21.0.0.jar;C:\Users\madhu\.m2\repository\org\graalvm\sdk\graal-sdk\21.0.0\graal-sdk-21.0.0.jar;C:\Users\madhu\.m2\repository\org\graalvm\js\js\21.0.0\js-21.0.0.jar;C:\Users\madhu\.m2\repository\org\graalvm\regex\regex\21.0.0\regex-21.0.0.jar;C:\Users\madhu\.m2\repository\org\graalvm\truffle\truffle-api\21.0.0\truffle-api-21.0.0.jar;C:\Users\madhu\.m2\repository\com\ibm\icu\icu4j\67.1\icu4j-67.1.jar;C:\Users\madhu\.m2\repository\com\jayway\jsonpath\json-path\2.5.0\json-path-2.5.0.jar;C:\Users\madhu\.m2\repository\net\minidev\json-smart\2.3\json-smart-2.3.jar;C:\Users\madhu\.m2\repository\net\minidev\accessors-smart\1.2\accessors-smart-1.2.jar;C:\Users\madhu\.m2\repository\org\ow2\asm\asm\5.0.4\asm-5.0.4.jar;C:\Users\madhu\.m2\repository\info\cukes\cucumber-java\1.2.5\cucumber-java-1.2.5.jar;C:\Users\madhu\.m2\repository\info\cukes\cucumber-core\1.2.5\cucumber-core-1.2.5.jar;C:\Users\madhu\.m2\repository\org\yaml\snakeyaml\1.27\snakeyaml-1.27.jar;C:\Users\madhu\.m2\repository\de\siegmar\fastcsv\1.0.4\fastcsv-1.0.4.jar;C:\Users\madhu\.m2\repository\info\picocli\picocli\4.5.2\picocli-4.5.2.jar;C:\Users\madhu\.m2\repository\org\junit\jupiter\junit-jupiter-api\5.7.0\junit-jupiter-api-5.7.0.jar;C:\Users\madhu\.m2\repository\org\apiguardian\apiguardian-api\1.1.0\apiguardian-api-1.1.0.jar;C:\Users\madhu\.m2\repository\org\opentest4j\opentest4j\1.2.0\opentest4j-1.2.0.jar;C:\Users\madhu\.m2\repository\org\junit\platform\junit-platform-commons\1.7.0\junit-platform-commons-1.7.0.jar;C:\Users\madhu\.m2\repository\org\junit\jupiter\junit-jupiter-engine\5.7.0\junit-jupiter-engine-5.7.0.jar;C:\Users\madhu\.m2\repository\org\junit\platform\junit-platform-engine\1.7.0\junit-platform-engine-1.7.0.jar;C:\Users\madhu\.m2\repository\com\intuit\karate\karate-gatling\1.0.1\karate-gatling-1.0.1.jar;C:\Users\madhu\.m2\repository\io\gatling\highcharts\gatling-charts-highcharts\3.5.0\gatling-charts-highcharts-3.5.0.jar;C:\Users\madhu\.m2\repository\org\scala-lang\scala-library\2.13.3\scala-library-2.13.3.jar;C:\Users\madhu\.m2\repository\io\gatling\gatling-app\3.5.0\gatling-app-3.5.0.jar;C:\Users\madhu\.m2\repository\io\gatling\gatling-core\3.5.0\gatling-core-3.5.0.jar;C:\Users\madhu\.m2\repository\io\gatling\gatling-commons\3.5.0\gatling-commons-3.5.0.jar;C:\Users\madhu\.m2\repository\io\gatling\gatling-commons-shared\3.5.0\gatling-commons-shared-3.5.0.jar;C:\Users\madhu\.m2\repository\org\scala-lang\scala-reflect\2.13.3\scala-reflect-2.13.3.jar;C:\Users\madhu\.m2\repository\io\suzaku\boopickle_2.13\1.3.3\boopickle_2.13-1.3.3.jar;C:\Users\madhu\.m2\repository\io\gatling\gatling-commons-shared-unstable\3.5.0\gatling-commons-shared-unstable-3.5.0.jar;C:\Users\madhu\.m2\repository\org\typelevel\spire-macros_2.13\0.17.0\spire-macros_2.13-0.17.0.jar;C:\Users\madhu\.m2\repository\com\typesafe\scala-logging\scala-logging_2.13\3.9.2\scala-logging_2.13-3.9.2.jar;C:\Users\madhu\.m2\repository\io\gatling\gatling-jsonpath\3.5.0\gatling-jsonpath-3.5.0.jar;C:\Users\madhu\.m2\repository\com\typesafe\akka\akka-slf4j_2.13\2.6.10\akka-slf4j_2.13-2.6.10.jar;C:\Users\madhu\.m2\repository\org\simpleflatmapper\lightning-csv\8.2.3\lightning-csv-8.2.3.jar;C:\Users\madhu\.m2\repository\org\simpleflatmapper\sfm-util\8.2.3\sfm-util-8.2.3.jar;C:\Users\madhu\.m2\repository\com\github\ben-manes\caffeine\caffeine\2.8.8\caffeine-2.8.8.jar;C:\Users\madhu\.m2\repository\org\checkerframework\checker-qual\3.8.0\checker-qual-3.8.0.jar;C:\Users\madhu\.m2\repository\com\google\errorprone\error_prone_annotations\2.4.0\error_prone_annotations-2.4.0.jar;C:\Users\madhu\.m2\repository\io\pebbletemplates\pebble\3.1.4\pebble-3.1.4.jar;C:\Users\madhu\.m2\repository\org\unbescape\unbescape\1.1.6.RELEASE\unbescape-1.1.6.RELEASE.jar;C:\Users\madhu\.m2\repository\org\scala-lang\modules\scala-parser-combinators_2.13\1.1.2\scala-parser-combinators_2.13-1.1.2.jar;C:\Users\madhu\.m2\repository\com\github\scopt\scopt_2.13\3.7.1\scopt_2.13-3.7.1.jar;C:\Users\madhu\.m2\repository\io\netty\netty-handler\4.1.55.Final\netty-handler-4.1.55.Final.jar;C:\Users\madhu\.m2\repository\io\netty\netty-resolver\4.1.55.Final\netty-resolver-4.1.55.Final.jar;C:\Users\madhu\.m2\repository\com\softwaremill\quicklens\quicklens_2.13\1.6.1\quicklens_2.13-1.6.1.jar;C:\Users\madhu\.m2\repository\net\sf\saxon\Saxon-HE\10.3\Saxon-HE-10.3.jar;C:\Users\madhu\.m2\repository\org\jodd\jodd-lagarto\6.0.2\jodd-lagarto-6.0.2.jar;C:\Users\madhu\.m2\repository\org\jodd\jodd-util\6.0.0\jodd-util-6.0.0.jar;C:\Users\madhu\.m2\repository\io\burt\jmespath-jackson\0.5.0\jmespath-jackson-0.5.0.jar;C:\Users\madhu\.m2\repository\io\burt\jmespath-core\0.5.0\jmespath-core-0.5.0.jar;C:\Users\madhu\.m2\repository\io\gatling\gatling-http\3.5.0\gatling-http-3.5.0.jar;C:\Users\madhu\.m2\repository\io\gatling\gatling-http-client\3.5.0\gatling-http-client-3.5.0.jar;C:\Users\madhu\.m2\repository\io\gatling\gatling-netty-util\3.5.0\gatling-netty-util-3.5.0.jar;C:\Users\madhu\.m2\repository\io\netty\netty-handler-proxy\4.1.55.Final\netty-handler-proxy-4.1.55.Final.jar;C:\Users\madhu\.m2\repository\io\netty\netty-codec-socks\4.1.55.Final\netty-codec-socks-4.1.55.Final.jar;C:\Users\madhu\.m2\repository\io\netty\netty-resolver-dns\4.1.55.Final\netty-resolver-dns-4.1.55.Final.jar;C:\Users\madhu\.m2\repository\io\netty\netty-codec-dns\4.1.55.Final\netty-codec-dns-4.1.55.Final.jar;C:\Users\madhu\.m2\repository\io\netty\netty-transport-native-epoll\4.1.55.Final\netty-transport-native-epoll-4.1.55.Final-linux-x86_64.jar;C:\Users\madhu\.m2\repository\io\netty\netty-transport-native-unix-common\4.1.55.Final\netty-transport-native-unix-common-4.1.55.Final.jar;C:\Users\madhu\.m2\repository\io\netty\netty-codec-http2\4.1.55.Final\netty-codec-http2-4.1.55.Final.jar;C:\Users\madhu\.m2\repository\io\netty\netty-tcnative-boringssl-static\2.0.35.Final\netty-tcnative-boringssl-static-2.0.35.Final.jar;C:\Users\madhu\.m2\repository\io\gatling\gatling-jms\3.5.0\gatling-jms-3.5.0.jar;C:\Users\madhu\.m2\repository\javax\jms\javax.jms-api\2.0.1\javax.jms-api-2.0.1.jar;C:\Users\madhu\.m2\repository\com\eatthepath\fast-uuid\0.1\fast-uuid-0.1.jar;C:\Users\madhu\.m2\repository\io\gatling\gatling-jdbc\3.5.0\gatling-jdbc-3.5.0.jar;C:\Users\madhu\.m2\repository\io\gatling\gatling-redis\3.5.0\gatling-redis-3.5.0.jar;C:\Users\madhu\.m2\repository\net\debasishg\redisclient_2.13\3.30\redisclient_2.13-3.30.jar;C:\Users\madhu\.m2\repository\org\apache\commons\commons-pool2\2.8.0\commons-pool2-2.8.0.jar;C:\Users\madhu\.m2\repository\io\gatling\gatling-graphite\3.5.0\gatling-graphite-3.5.0.jar;C:\Users\madhu\.m2\repository\org\hdrhistogram\HdrHistogram\2.1.12\HdrHistogram-2.1.12.jar;C:\Users\madhu\.m2\repository\io\gatling\gatling-charts\3.5.0\gatling-charts-3.5.0.jar;C:\Users\madhu\.m2\repository\com\tdunning\t-digest\3.1\t-digest-3.1.jar;C:\Users\madhu\.m2\repository\io\gatling\gatling-recorder\3.5.0\gatling-recorder-3.5.0.jar;C:\Users\madhu\.m2\repository\org\scala-lang\modules\scala-swing_2.13\3.0.0\scala-swing_2.13-3.0.0.jar;C:\Users\madhu\.m2\repository\com\fasterxml\jackson\core\jackson-databind\2.12.0\jackson-databind-2.12.0.jar;C:\Users\madhu\.m2\repository\com\fasterxml\jackson\core\jackson-annotations\2.12.0\jackson-annotations-2.12.0.jar;C:\Users\madhu\.m2\repository\com\fasterxml\jackson\core\jackson-core\2.12.0\jackson-core-2.12.0.jar;C:\Users\madhu\.m2\repository\org\bouncycastle\bcpkix-jdk15on\1.67\bcpkix-jdk15on-1.67.jar;C:\Users\madhu\.m2\repository\org\bouncycastle\bcprov-jdk15on\1.67\bcprov-jdk15on-1.67.jar;C:\Users\madhu\.m2\repository\io\netty\netty-codec-http\4.1.55.Final\netty-codec-http-4.1.55.Final.jar;C:\Users\madhu\.m2\repository\io\netty\netty-common\4.1.55.Final\netty-common-4.1.55.Final.jar;C:\Users\madhu\.m2\repository\io\netty\netty-buffer\4.1.55.Final\netty-buffer-4.1.55.Final.jar;C:\Users\madhu\.m2\repository\io\netty\netty-transport\4.1.55.Final\netty-transport-4.1.55.Final.jar;C:\Users\madhu\.m2\repository\io\netty\netty-codec\4.1.55.Final\netty-codec-4.1.55.Final.jar;C:\Users\madhu\.m2\repository\com\typesafe\akka\akka-actor_2.13\2.6.10\akka-actor_2.13-2.6.10.jar;C:\Users\madhu\.m2\repository\com\typesafe\config\1.4.0\config-1.4.0.jar;C:\Users\madhu\.m2\repository\org\scala-lang\modules\scala-java8-compat_2.13\0.9.0\scala-java8-compat_2.13-0.9.0.jar;C:\Users\madhu\.m2\repository\com\intuit\karate\karate-apache\0.9.6\karate-apache-0.9.6.jar;C:\Users\madhu\.m2\repository\org\apache\httpcomponents\httpclient\4.5.12\httpclient-4.5.12.jar;C:\Users\madhu\.m2\repository\org\apache\httpcomponents\httpcore\4.4.13\httpcore-4.4.13.jar;C:\Users\madhu\.m2\repository\commons-codec\commons-codec\1.11\commons-codec-1.11.jar;C:\Users\madhu\.m2\repository\org\apache\httpcomponents\httpmime\4.5.12\httpmime-4.5.12.jar;C:\Users\madhu\.m2\repository\org\slf4j\jcl-over-slf4j\1.7.25\jcl-over-slf4j-1.7.25.jar;C:\Users\madhu\.m2\repository\org\slf4j\slf4j-api\1.7.25\slf4j-api-1.7.25.jar;C:\Users\madhu\.m2\repository\ch\qos\logback\logback-classic\1.2.3\logback-classic-1.2.3.jar;C:\Users\madhu\.m2\repository\ch\qos\logback\logback-core\1.2.3\logback-core-1.2.3.jar;"/>
    <property name="java.vm.vendor" value="Oracle Corporation"/>
    <property name="sun.arch.data.model" value="64"/>
    <property name="user.variant" value=""/>
    <property name="java.vendor.url" value="https://openjdk.java.net/"/>
    <property name="user.timezone" value="America/Chicago"/>
    <property name="java.vm.specification.version" value="11"/>
    <property name="os.name" value="Windows 10"/>
    <property name="sun.java.launcher" value="SUN_STANDARD"/>
    <property name="user.country" value="US"/>
    <property name="sun.boot.library.path" value="C:\Users\madhu\.sdkman\candidates\java\11.0.12-open\bin"/>
    <property name="sun.java.command" value="C:\Users\madhu\AppData\Local\Temp\surefire7855945645470790308\surefirebooter15525981909085115387.jar C:\Users\madhu\AppData\Local\Temp\surefire7855945645470790308 2021-08-31T12-13-13_177-jvmRun1 surefire5618038301043864266tmp surefire_014263974271383960074tmp"/>
    <property name="jdk.debug" value="release"/>
    <property name="surefire.test.class.path" value="C:\Projects\ProjectPOCs\Stage5-mvn-karate-poc\karate-api\target\test-classes;C:\Projects\ProjectPOCs\Stage5-mvn-karate-poc\karate-api\target\classes;C:\Users\madhu\.m2\repository\com\intuit\karate\karate-junit5\1.0.1\karate-junit5-1.0.1.jar;C:\Users\madhu\.m2\repository\com\intuit\karate\karate-core\1.0.1\karate-core-1.0.1.jar;C:\Users\madhu\.m2\repository\org\graalvm\js\js-scriptengine\21.0.0\js-scriptengine-21.0.0.jar;C:\Users\madhu\.m2\repository\org\graalvm\sdk\graal-sdk\21.0.0\graal-sdk-21.0.0.jar;C:\Users\madhu\.m2\repository\org\graalvm\js\js\21.0.0\js-21.0.0.jar;C:\Users\madhu\.m2\repository\org\graalvm\regex\regex\21.0.0\regex-21.0.0.jar;C:\Users\madhu\.m2\repository\org\graalvm\truffle\truffle-api\21.0.0\truffle-api-21.0.0.jar;C:\Users\madhu\.m2\repository\com\ibm\icu\icu4j\67.1\icu4j-67.1.jar;C:\Users\madhu\.m2\repository\com\jayway\jsonpath\json-path\2.5.0\json-path-2.5.0.jar;C:\Users\madhu\.m2\repository\net\minidev\json-smart\2.3\json-smart-2.3.jar;C:\Users\madhu\.m2\repository\net\minidev\accessors-smart\1.2\accessors-smart-1.2.jar;C:\Users\madhu\.m2\repository\org\ow2\asm\asm\5.0.4\asm-5.0.4.jar;C:\Users\madhu\.m2\repository\info\cukes\cucumber-java\1.2.5\cucumber-java-1.2.5.jar;C:\Users\madhu\.m2\repository\info\cukes\cucumber-core\1.2.5\cucumber-core-1.2.5.jar;C:\Users\madhu\.m2\repository\org\yaml\snakeyaml\1.27\snakeyaml-1.27.jar;C:\Users\madhu\.m2\repository\de\siegmar\fastcsv\1.0.4\fastcsv-1.0.4.jar;C:\Users\madhu\.m2\repository\info\picocli\picocli\4.5.2\picocli-4.5.2.jar;C:\Users\madhu\.m2\repository\org\junit\jupiter\junit-jupiter-api\5.7.0\junit-jupiter-api-5.7.0.jar;C:\Users\madhu\.m2\repository\org\apiguardian\apiguardian-api\1.1.0\apiguardian-api-1.1.0.jar;C:\Users\madhu\.m2\repository\org\opentest4j\opentest4j\1.2.0\opentest4j-1.2.0.jar;C:\Users\madhu\.m2\repository\org\junit\platform\junit-platform-commons\1.7.0\junit-platform-commons-1.7.0.jar;C:\Users\madhu\.m2\repository\org\junit\jupiter\junit-jupiter-engine\5.7.0\junit-jupiter-engine-5.7.0.jar;C:\Users\madhu\.m2\repository\org\junit\platform\junit-platform-engine\1.7.0\junit-platform-engine-1.7.0.jar;C:\Users\madhu\.m2\repository\com\intuit\karate\karate-gatling\1.0.1\karate-gatling-1.0.1.jar;C:\Users\madhu\.m2\repository\io\gatling\highcharts\gatling-charts-highcharts\3.5.0\gatling-charts-highcharts-3.5.0.jar;C:\Users\madhu\.m2\repository\org\scala-lang\scala-library\2.13.3\scala-library-2.13.3.jar;C:\Users\madhu\.m2\repository\io\gatling\gatling-app\3.5.0\gatling-app-3.5.0.jar;C:\Users\madhu\.m2\repository\io\gatling\gatling-core\3.5.0\gatling-core-3.5.0.jar;C:\Users\madhu\.m2\repository\io\gatling\gatling-commons\3.5.0\gatling-commons-3.5.0.jar;C:\Users\madhu\.m2\repository\io\gatling\gatling-commons-shared\3.5.0\gatling-commons-shared-3.5.0.jar;C:\Users\madhu\.m2\repository\org\scala-lang\scala-reflect\2.13.3\scala-reflect-2.13.3.jar;C:\Users\madhu\.m2\repository\io\suzaku\boopickle_2.13\1.3.3\boopickle_2.13-1.3.3.jar;C:\Users\madhu\.m2\repository\io\gatling\gatling-commons-shared-unstable\3.5.0\gatling-commons-shared-unstable-3.5.0.jar;C:\Users\madhu\.m2\repository\org\typelevel\spire-macros_2.13\0.17.0\spire-macros_2.13-0.17.0.jar;C:\Users\madhu\.m2\repository\com\typesafe\scala-logging\scala-logging_2.13\3.9.2\scala-logging_2.13-3.9.2.jar;C:\Users\madhu\.m2\repository\io\gatling\gatling-jsonpath\3.5.0\gatling-jsonpath-3.5.0.jar;C:\Users\madhu\.m2\repository\com\typesafe\akka\akka-slf4j_2.13\2.6.10\akka-slf4j_2.13-2.6.10.jar;C:\Users\madhu\.m2\repository\org\simpleflatmapper\lightning-csv\8.2.3\lightning-csv-8.2.3.jar;C:\Users\madhu\.m2\repository\org\simpleflatmapper\sfm-util\8.2.3\sfm-util-8.2.3.jar;C:\Users\madhu\.m2\repository\com\github\ben-manes\caffeine\caffeine\2.8.8\caffeine-2.8.8.jar;C:\Users\madhu\.m2\repository\org\checkerframework\checker-qual\3.8.0\checker-qual-3.8.0.jar;C:\Users\madhu\.m2\repository\com\google\errorprone\error_prone_annotations\2.4.0\error_prone_annotations-2.4.0.jar;C:\Users\madhu\.m2\repository\io\pebbletemplates\pebble\3.1.4\pebble-3.1.4.jar;C:\Users\madhu\.m2\repository\org\unbescape\unbescape\1.1.6.RELEASE\unbescape-1.1.6.RELEASE.jar;C:\Users\madhu\.m2\repository\org\scala-lang\modules\scala-parser-combinators_2.13\1.1.2\scala-parser-combinators_2.13-1.1.2.jar;C:\Users\madhu\.m2\repository\com\github\scopt\scopt_2.13\3.7.1\scopt_2.13-3.7.1.jar;C:\Users\madhu\.m2\repository\io\netty\netty-handler\4.1.55.Final\netty-handler-4.1.55.Final.jar;C:\Users\madhu\.m2\repository\io\netty\netty-resolver\4.1.55.Final\netty-resolver-4.1.55.Final.jar;C:\Users\madhu\.m2\repository\com\softwaremill\quicklens\quicklens_2.13\1.6.1\quicklens_2.13-1.6.1.jar;C:\Users\madhu\.m2\repository\net\sf\saxon\Saxon-HE\10.3\Saxon-HE-10.3.jar;C:\Users\madhu\.m2\repository\org\jodd\jodd-lagarto\6.0.2\jodd-lagarto-6.0.2.jar;C:\Users\madhu\.m2\repository\org\jodd\jodd-util\6.0.0\jodd-util-6.0.0.jar;C:\Users\madhu\.m2\repository\io\burt\jmespath-jackson\0.5.0\jmespath-jackson-0.5.0.jar;C:\Users\madhu\.m2\repository\io\burt\jmespath-core\0.5.0\jmespath-core-0.5.0.jar;C:\Users\madhu\.m2\repository\io\gatling\gatling-http\3.5.0\gatling-http-3.5.0.jar;C:\Users\madhu\.m2\repository\io\gatling\gatling-http-client\3.5.0\gatling-http-client-3.5.0.jar;C:\Users\madhu\.m2\repository\io\gatling\gatling-netty-util\3.5.0\gatling-netty-util-3.5.0.jar;C:\Users\madhu\.m2\repository\io\netty\netty-handler-proxy\4.1.55.Final\netty-handler-proxy-4.1.55.Final.jar;C:\Users\madhu\.m2\repository\io\netty\netty-codec-socks\4.1.55.Final\netty-codec-socks-4.1.55.Final.jar;C:\Users\madhu\.m2\repository\io\netty\netty-resolver-dns\4.1.55.Final\netty-resolver-dns-4.1.55.Final.jar;C:\Users\madhu\.m2\repository\io\netty\netty-codec-dns\4.1.55.Final\netty-codec-dns-4.1.55.Final.jar;C:\Users\madhu\.m2\repository\io\netty\netty-transport-native-epoll\4.1.55.Final\netty-transport-native-epoll-4.1.55.Final-linux-x86_64.jar;C:\Users\madhu\.m2\repository\io\netty\netty-transport-native-unix-common\4.1.55.Final\netty-transport-native-unix-common-4.1.55.Final.jar;C:\Users\madhu\.m2\repository\io\netty\netty-codec-http2\4.1.55.Final\netty-codec-http2-4.1.55.Final.jar;C:\Users\madhu\.m2\repository\io\netty\netty-tcnative-boringssl-static\2.0.35.Final\netty-tcnative-boringssl-static-2.0.35.Final.jar;C:\Users\madhu\.m2\repository\io\gatling\gatling-jms\3.5.0\gatling-jms-3.5.0.jar;C:\Users\madhu\.m2\repository\javax\jms\javax.jms-api\2.0.1\javax.jms-api-2.0.1.jar;C:\Users\madhu\.m2\repository\com\eatthepath\fast-uuid\0.1\fast-uuid-0.1.jar;C:\Users\madhu\.m2\repository\io\gatling\gatling-jdbc\3.5.0\gatling-jdbc-3.5.0.jar;C:\Users\madhu\.m2\repository\io\gatling\gatling-redis\3.5.0\gatling-redis-3.5.0.jar;C:\Users\madhu\.m2\repository\net\debasishg\redisclient_2.13\3.30\redisclient_2.13-3.30.jar;C:\Users\madhu\.m2\repository\org\apache\commons\commons-pool2\2.8.0\commons-pool2-2.8.0.jar;C:\Users\madhu\.m2\repository\io\gatling\gatling-graphite\3.5.0\gatling-graphite-3.5.0.jar;C:\Users\madhu\.m2\repository\org\hdrhistogram\HdrHistogram\2.1.12\HdrHistogram-2.1.12.jar;C:\Users\madhu\.m2\repository\io\gatling\gatling-charts\3.5.0\gatling-charts-3.5.0.jar;C:\Users\madhu\.m2\repository\com\tdunning\t-digest\3.1\t-digest-3.1.jar;C:\Users\madhu\.m2\repository\io\gatling\gatling-recorder\3.5.0\gatling-recorder-3.5.0.jar;C:\Users\madhu\.m2\repository\org\scala-lang\modules\scala-swing_2.13\3.0.0\scala-swing_2.13-3.0.0.jar;C:\Users\madhu\.m2\repository\com\fasterxml\jackson\core\jackson-databind\2.12.0\jackson-databind-2.12.0.jar;C:\Users\madhu\.m2\repository\com\fasterxml\jackson\core\jackson-annotations\2.12.0\jackson-annotations-2.12.0.jar;C:\Users\madhu\.m2\repository\com\fasterxml\jackson\core\jackson-core\2.12.0\jackson-core-2.12.0.jar;C:\Users\madhu\.m2\repository\org\bouncycastle\bcpkix-jdk15on\1.67\bcpkix-jdk15on-1.67.jar;C:\Users\madhu\.m2\repository\org\bouncycastle\bcprov-jdk15on\1.67\bcprov-jdk15on-1.67.jar;C:\Users\madhu\.m2\repository\io\netty\netty-codec-http\4.1.55.Final\netty-codec-http-4.1.55.Final.jar;C:\Users\madhu\.m2\repository\io\netty\netty-common\4.1.55.Final\netty-common-4.1.55.Final.jar;C:\Users\madhu\.m2\repository\io\netty\netty-buffer\4.1.55.Final\netty-buffer-4.1.55.Final.jar;C:\Users\madhu\.m2\repository\io\netty\netty-transport\4.1.55.Final\netty-transport-4.1.55.Final.jar;C:\Users\madhu\.m2\repository\io\netty\netty-codec\4.1.55.Final\netty-codec-4.1.55.Final.jar;C:\Users\madhu\.m2\repository\com\typesafe\akka\akka-actor_2.13\2.6.10\akka-actor_2.13-2.6.10.jar;C:\Users\madhu\.m2\repository\com\typesafe\config\1.4.0\config-1.4.0.jar;C:\Users\madhu\.m2\repository\org\scala-lang\modules\scala-java8-compat_2.13\0.9.0\scala-java8-compat_2.13-0.9.0.jar;C:\Users\madhu\.m2\repository\com\intuit\karate\karate-apache\0.9.6\karate-apache-0.9.6.jar;C:\Users\madhu\.m2\repository\org\apache\httpcomponents\httpclient\4.5.12\httpclient-4.5.12.jar;C:\Users\madhu\.m2\repository\org\apache\httpcomponents\httpcore\4.4.13\httpcore-4.4.13.jar;C:\Users\madhu\.m2\repository\commons-codec\commons-codec\1.11\commons-codec-1.11.jar;C:\Users\madhu\.m2\repository\org\apache\httpcomponents\httpmime\4.5.12\httpmime-4.5.12.jar;C:\Users\madhu\.m2\repository\org\slf4j\jcl-over-slf4j\1.7.25\jcl-over-slf4j-1.7.25.jar;C:\Users\madhu\.m2\repository\org\slf4j\slf4j-api\1.7.25\slf4j-api-1.7.25.jar;C:\Users\madhu\.m2\repository\ch\qos\logback\logback-classic\1.2.3\logback-classic-1.2.3.jar;C:\Users\madhu\.m2\repository\ch\qos\logback\logback-core\1.2.3\logback-core-1.2.3.jar;"/>
    <property name="sun.cpu.endian" value="little"/>
    <property name="user.home" value="C:\Users\madhu"/>
    <property name="user.language" value="en"/>
    <property name="java.specification.vendor" value="Oracle Corporation"/>
    <property name="java.version.date" value="2021-07-20"/>
    <property name="java.home" value="C:\Users\madhu\.sdkman\candidates\java\11.0.12-open"/>
    <property name="file.separator" value="\"/>
    <property name="basedir" value="C:\Projects\ProjectPOCs\Stage5-mvn-karate-poc\karate-api"/>
    <property name="java.vm.compressedOopsMode" value="Zero based"/>
    <property name="line.separator" value="&#10;"/>
    <property name="java.specification.name" value="Java Platform API Specification"/>
    <property name="java.vm.specification.vendor" value="Oracle Corporation"/>
    <property name="java.awt.graphicsenv" value="sun.awt.Win32GraphicsEnvironment"/>
    <property name="surefire.real.class.path" value="C:\Users\madhu\AppData\Local\Temp\surefire7855945645470790308\surefirebooter15525981909085115387.jar"/>
    <property name="user.script" value=""/>
    <property name="sun.management.compiler" value="HotSpot 64-Bit Tiered Compilers"/>
    <property name="java.runtime.version" value="11.0.12+7"/>
    <property name="user.name" value="madhu"/>
    <property name="path.separator" value=";"/>
    <property name="os.version" value="10.0"/>
    <property name="java.runtime.name" value="OpenJDK Runtime Environment"/>
    <property name="file.encoding" value="UTF-8"/>
    <property name="java.vm.name" value="OpenJDK 64-Bit Server VM"/>
    <property name="java.vendor.version" value="18.9"/>
    <property name="localRepository" value="C:\Users\madhu\.m2\repository"/>
    <property name="java.vendor.url.bug" value="https://bugreport.java.com/bugreport/"/>
    <property name="java.io.tmpdir" value="C:\Users\madhu\AppData\Local\Temp\"/>
    <property name="idea.version" value="2021.2"/>
    <property name="java.version" value="11.0.12"/>
    <property name="user.dir" value="C:\Projects\ProjectPOCs\Stage5-mvn-karate-poc\karate-api"/>
    <property name="os.arch" value="amd64"/>
    <property name="java.vm.specification.name" value="Java Virtual Machine Specification"/>
    <property name="java.awt.printerjob" value="sun.awt.windows.WPrinterJob"/>
    <property name="sun.os.patch.level" value=""/>
    <property name="java.library.path" value="C:\Users\madhu\.sdkman\candidates\java\11.0.12-open\bin;C:\WINDOWS\Sun\Java\bin;C:\WINDOWS\system32;C:\WINDOWS;C:\Program Files (x86)\VMware\VMware Workstation\bin\;C:\WINDOWS\system32;C:\WINDOWS;C:\WINDOWS\System32\Wbem;C:\WINDOWS\System32\WindowsPowerShell\v1.0\;C:\WINDOWS\System32\OpenSSH\;C:\Program Files\PuTTY\;C:\Program Files\Microsoft VS Code\bin;C:\Program Files\Git\cmd;C:\Program Files\TortoiseGit\bin;C:\Program Files\7-Zip;C:\Users\madhu\.sdkman\candidates\java\current\bin;C:\Users\madhu\.sdkman\candidates\maven\current\bin;C:\Users\madhu\.sdkman\candidates\gradle\current\bin;C:\Program Files\PowerShell\7\;C:\Users\madhu\AppData\Local\Microsoft\WindowsApps;;."/>
    <property name="java.vm.info" value="mixed mode"/>
    <property name="java.vendor" value="Oracle Corporation"/>
    <property name="java.vm.version" value="11.0.12+7"/>
    <property name="sun.io.unicode.encoding" value="UnicodeLittle"/>
    <property name="java.class.version" value="55.0"/>
  </properties>
  <testcase name="testParallel" classname="examples.ExamplesTest" time="8.369"/>
</testsuite>