<?xml version="1.0" encoding="UTF-8"?>
<testsuite name="cityListTest" tests="2" skipped="0" failures="0" errors="0" timestamp="2021-09-04T00:18:16" hostname="HP-SPECTRE-X360" time="0.034">
  <properties/>
  <testcase name="01 Happy Path - CityNames - assertion tips" classname="cityListTest" time="0.032"/>
  <testcase name="02 Happy path test with population " classname="cityListTest" time="0.002"/>
  <system-out><![CDATA[SetupSpec runs one time though there are multiple tests
in setup !!  -- This runs each time before every test
==> in test-1
In cleanup !!! -- This runs each time before every test
in setup !!  -- This runs each time before every test
==> in test-2 The cities being added are local to the test. The does not exist after the test
In cleanup !!! -- This runs each time before every test
cleanupSpec runs one time though there are multiple tests
]]></system-out>
  <system-err><![CDATA[]]></system-err>
</testsuite>
